0 verbose cli /usr/bin/node /usr/bin/npm
1 info using npm@9.6.6
2 info using node@v18.18.2
3 timing npm:load:whichnode Completed in 2ms
4 timing config:load:defaults Completed in 2ms
5 timing config:load:file:/usr/lib/node_modules/npm/npmrc Completed in 3ms
6 timing config:load:builtin Completed in 3ms
7 timing config:load:cli Completed in 2ms
8 timing config:load:env Completed in 1ms
9 timing config:load:project Completed in 2ms
10 timing config:load:file:/var/www/html/.npmrc Completed in 1ms
11 timing config:load:user Completed in 1ms
12 timing config:load:file:/etc/npmrc Completed in 0ms
13 timing config:load:global Completed in 1ms
14 timing config:load:setEnvs Completed in 1ms
15 timing config:load Completed in 15ms
16 timing npm:load:configload Completed in 16ms
17 timing npm:load:mkdirpcache Completed in 1ms
18 timing npm:load:mkdirplogs Completed in 1ms
19 verbose title npm run watch
20 verbose argv "run" "watch"
21 timing npm:load:setTitle Completed in 2ms
22 timing config:load:flatten Completed in 6ms
23 timing npm:load:display Completed in 7ms
24 verbose logfile logs-max:10 dir:/var/www/html/.npm/_logs/2024-03-03T12_28_14_989Z-
25 verbose logfile /var/www/html/.npm/_logs/2024-03-03T12_28_14_989Z-debug-0.log
26 timing npm:load:logFile Completed in 17ms
27 timing npm:load:timers Completed in 0ms
28 timing npm:load:configScope Completed in 0ms
29 timing npm:load Completed in 48ms
30 timing command:run Completed in 36ms
31 verbose stack Error: Missing script: "watch"
31 verbose stack
31 verbose stack To see a list of scripts, run:
31 verbose stack   npm run
31 verbose stack     at RunScript.run (/usr/lib/node_modules/npm/lib/commands/run-script.js:93:13)
31 verbose stack     at async module.exports (/usr/lib/node_modules/npm/lib/cli.js:89:5)
32 verbose cwd /var/www/html
33 verbose Linux 5.15.0-92-generic
34 verbose node v18.18.2
35 verbose npm  v9.6.6
36 error Missing script: "watch"
36 error
36 error To see a list of scripts, run:
36 error   npm run
37 verbose exit 1
38 timing npm Completed in 163ms
39 verbose code 1
40 error A complete log of this run can be found in: /var/www/html/.npm/_logs/2024-03-03T12_28_14_989Z-debug-0.log
