0 verbose cli /usr/bin/node /usr/bin/npm
1 info using npm@9.6.6
2 info using node@v18.18.2
3 timing npm:load:whichnode Completed in 2ms
4 timing config:load:defaults Completed in 4ms
5 timing config:load:file:/usr/lib/node_modules/npm/npmrc Completed in 4ms
6 timing config:load:builtin Completed in 4ms
7 timing config:load:cli Completed in 4ms
8 timing config:load:env Completed in 0ms
9 timing config:load:project Completed in 80ms
10 timing config:load:file:/var/www/html/.npmrc Completed in 1ms
11 timing config:load:user Completed in 1ms
12 timing config:load:file:/etc/npmrc Completed in 0ms
13 timing config:load:global Completed in 1ms
14 timing config:load:setEnvs Completed in 1ms
15 timing config:load Completed in 97ms
16 timing npm:load:configload Completed in 97ms
17 timing npm:load:mkdirpcache Completed in 2ms
18 timing npm:load:mkdirplogs Completed in 3ms
19 verbose title npm i bootstrap
20 verbose argv "i" "bootstrap"
21 timing npm:load:setTitle Completed in 2ms
22 timing config:load:flatten Completed in 6ms
23 timing npm:load:display Completed in 7ms
24 verbose logfile logs-max:10 dir:/var/www/html/.npm/_logs/2024-03-03T12_24_49_550Z-
25 verbose logfile /var/www/html/.npm/_logs/2024-03-03T12_24_49_550Z-debug-0.log
26 timing npm:load:logFile Completed in 50ms
27 timing npm:load:timers Completed in 0ms
28 timing npm:load:configScope Completed in 0ms
29 timing npm:load Completed in 163ms
30 timing arborist:ctor Completed in 1ms
31 silly logfile done cleaning log files
32 timing arborist:ctor Completed in 0ms
33 timing idealTree:init Completed in 23ms
34 timing idealTree:userRequests Completed in 6ms
35 silly idealTree buildDeps
36 silly fetch manifest bootstrap@*
37 http fetch GET 200 https://registry.npmjs.org/bootstrap 295ms (cache miss)
38 silly fetch manifest @popperjs/core@^2.11.8
39 http fetch GET 200 https://registry.npmjs.org/@popperjs%2fcore 82ms (cache miss)
40 silly fetch manifest axios@^1.6.1
41 http fetch GET 200 https://registry.npmjs.org/axios 57ms (cache miss)
42 silly fetch manifest laravel-vite-plugin@^0.8.0
43 http fetch GET 200 https://registry.npmjs.org/laravel-vite-plugin 251ms (cache miss)
44 silly fetch manifest vite@^4.0.0
45 http fetch GET 200 https://registry.npmjs.org/vite 193ms (cache miss)
46 silly fetch manifest @types/node@>= 14
47 http fetch GET 200 https://registry.npmjs.org/@types%2fnode 170ms (cache miss)
48 silly fetch manifest less@*
49 http fetch GET 200 https://registry.npmjs.org/less 54ms (cache miss)
50 silly fetch manifest lightningcss@^1.21.0
51 http fetch GET 200 https://registry.npmjs.org/lightningcss 63ms (cache miss)
52 silly fetch manifest sass@*
53 http fetch GET 200 https://registry.npmjs.org/sass 60ms (cache miss)
54 silly fetch manifest stylus@*
55 http fetch GET 200 https://registry.npmjs.org/stylus 57ms (cache miss)
56 silly fetch manifest sugarss@*
57 http fetch GET 200 https://registry.npmjs.org/sugarss 53ms (cache miss)
58 silly fetch manifest postcss@^8.3.3
59 http fetch GET 200 https://registry.npmjs.org/postcss 64ms (cache miss)
60 silly fetch manifest terser@^5.4.0
61 http fetch GET 200 https://registry.npmjs.org/terser 59ms (cache miss)
62 silly placeDep ROOT axios@1.6.7 OK for:  want: ^1.6.1
63 silly fetch manifest follow-redirects@^1.15.4
64 silly fetch manifest form-data@^4.0.0
65 silly fetch manifest proxy-from-env@^1.1.0
66 silly placeDep ROOT bootstrap@5.3.3 OK for:  want: *
67 silly placeDep ROOT @popperjs/core@2.11.8 OK for: bootstrap@5.3.3 want: ^2.11.8
68 silly placeDep ROOT laravel-vite-plugin@0.8.1 OK for:  want: ^0.8.0
69 silly placeDep ROOT vite@4.5.2 OK for: laravel-vite-plugin@0.8.1 want: ^3.0.0 || ^4.0.0
70 silly fetch manifest picocolors@^1.0.0
71 silly fetch manifest vite-plugin-full-reload@^1.0.5
72 silly fetch manifest esbuild@^0.18.10
73 silly fetch manifest postcss@^8.4.27
74 silly fetch manifest rollup@^3.27.1
75 silly fetch manifest fsevents@~2.3.2
76 http fetch GET 200 https://registry.npmjs.org/follow-redirects 118ms (cache miss)
77 http fetch GET 200 https://registry.npmjs.org/picocolors 174ms (cache miss)
78 http fetch GET 200 https://registry.npmjs.org/proxy-from-env 197ms (cache miss)
79 http fetch GET 200 https://registry.npmjs.org/vite-plugin-full-reload 181ms (cache miss)
80 http fetch GET 200 https://registry.npmjs.org/form-data 204ms (cache miss)
81 http fetch GET 200 https://registry.npmjs.org/fsevents 207ms (cache miss)
82 http fetch GET 200 https://registry.npmjs.org/esbuild 348ms (cache miss)
83 http fetch GET 200 https://registry.npmjs.org/rollup 367ms (cache miss)
84 timing idealTree:#root Completed in 2105ms
85 timing idealTree:node_modules/@popperjs/core Completed in 0ms
86 silly placeDep ROOT follow-redirects@1.15.5 OK for: axios@1.6.7 want: ^1.15.4
87 silly placeDep ROOT form-data@4.0.0 OK for: axios@1.6.7 want: ^4.0.0
88 silly fetch manifest asynckit@^0.4.0
89 silly fetch manifest combined-stream@^1.0.8
90 silly fetch manifest mime-types@^2.1.12
91 silly placeDep ROOT proxy-from-env@1.1.0 OK for: axios@1.6.7 want: ^1.1.0
92 http fetch GET 200 https://registry.npmjs.org/asynckit 80ms (cache miss)
93 http fetch GET 200 https://registry.npmjs.org/combined-stream 84ms (cache miss)
94 http fetch GET 200 https://registry.npmjs.org/mime-types 84ms (cache miss)
95 timing idealTree:node_modules/axios Completed in 98ms
96 timing idealTree:node_modules/bootstrap Completed in 1ms
97 timing idealTree:node_modules/follow-redirects Completed in 0ms
98 silly placeDep ROOT asynckit@0.4.0 OK for: form-data@4.0.0 want: ^0.4.0
99 silly placeDep ROOT combined-stream@1.0.8 OK for: form-data@4.0.0 want: ^1.0.8
100 silly fetch manifest delayed-stream@~1.0.0
101 silly placeDep ROOT mime-types@2.1.35 OK for: form-data@4.0.0 want: ^2.1.12
102 silly fetch manifest mime-db@1.52.0
103 http fetch GET 200 https://registry.npmjs.org/delayed-stream 49ms (cache miss)
104 http fetch GET 200 https://registry.npmjs.org/mime-db 63ms (cache miss)
105 timing idealTree:node_modules/form-data Completed in 79ms
106 timing idealTree:node_modules/asynckit Completed in 0ms
107 silly placeDep ROOT delayed-stream@1.0.0 OK for: combined-stream@1.0.8 want: ~1.0.0
108 timing idealTree:node_modules/combined-stream Completed in 3ms
109 timing idealTree:node_modules/delayed-stream Completed in 0ms
110 silly placeDep ROOT picocolors@1.0.0 OK for: laravel-vite-plugin@0.8.1 want: ^1.0.0
111 silly placeDep ROOT vite-plugin-full-reload@1.1.0 OK for: laravel-vite-plugin@0.8.1 want: ^1.0.5
112 silly fetch manifest picomatch@^2.3.1
113 http fetch GET 200 https://registry.npmjs.org/picomatch 49ms (cache miss)
114 timing idealTree:node_modules/laravel-vite-plugin Completed in 56ms
115 silly placeDep ROOT mime-db@1.52.0 OK for: mime-types@2.1.35 want: 1.52.0
116 timing idealTree:node_modules/mime-types Completed in 3ms
117 timing idealTree:node_modules/mime-db Completed in 0ms
118 timing idealTree:node_modules/picocolors Completed in 0ms
119 timing idealTree:node_modules/proxy-from-env Completed in 0ms
120 silly placeDep ROOT esbuild@0.18.20 OK for: vite@4.5.2 want: ^0.18.10
121 silly fetch manifest @esbuild/android-arm@0.18.20
122 silly fetch manifest @esbuild/android-arm64@0.18.20
123 silly fetch manifest @esbuild/android-x64@0.18.20
124 silly fetch manifest @esbuild/darwin-arm64@0.18.20
125 silly fetch manifest @esbuild/darwin-x64@0.18.20
126 silly fetch manifest @esbuild/freebsd-arm64@0.18.20
127 silly fetch manifest @esbuild/freebsd-x64@0.18.20
128 silly fetch manifest @esbuild/linux-arm@0.18.20
129 silly fetch manifest @esbuild/linux-arm64@0.18.20
130 silly fetch manifest @esbuild/linux-ia32@0.18.20
131 silly fetch manifest @esbuild/linux-loong64@0.18.20
132 silly fetch manifest @esbuild/linux-mips64el@0.18.20
133 silly fetch manifest @esbuild/linux-ppc64@0.18.20
134 silly fetch manifest @esbuild/linux-riscv64@0.18.20
135 silly fetch manifest @esbuild/linux-s390x@0.18.20
136 silly fetch manifest @esbuild/linux-x64@0.18.20
137 silly fetch manifest @esbuild/netbsd-x64@0.18.20
138 silly fetch manifest @esbuild/openbsd-x64@0.18.20
139 silly fetch manifest @esbuild/sunos-x64@0.18.20
140 silly fetch manifest @esbuild/win32-arm64@0.18.20
141 silly fetch manifest @esbuild/win32-ia32@0.18.20
142 silly fetch manifest @esbuild/win32-x64@0.18.20
143 silly placeDep ROOT fsevents@2.3.3 OK for: vite@4.5.2 want: ~2.3.2
144 silly placeDep ROOT postcss@8.4.35 OK for: vite@4.5.2 want: ^8.4.27
145 silly fetch manifest nanoid@^3.3.7
146 silly fetch manifest source-map-js@^1.0.2
147 silly placeDep ROOT rollup@3.29.4 OK for: vite@4.5.2 want: ^3.27.1
148 http fetch GET 200 https://registry.npmjs.org/@esbuild%2fandroid-arm64 482ms (cache miss)
149 http fetch GET 200 https://registry.npmjs.org/@esbuild%2flinux-arm 483ms (cache miss)
150 http fetch GET 200 https://registry.npmjs.org/@esbuild%2flinux-x64 467ms (cache miss)
151 http fetch GET 200 https://registry.npmjs.org/@esbuild%2fandroid-x64 504ms (cache miss)
152 http fetch GET 200 https://registry.npmjs.org/@esbuild%2fwin32-x64 467ms (cache miss)
153 http fetch GET 200 https://registry.npmjs.org/source-map-js 466ms (cache miss)
154 http fetch GET 200 https://registry.npmjs.org/@esbuild%2fandroid-arm 530ms (cache miss)
155 http fetch GET 200 https://registry.npmjs.org/@esbuild%2fsunos-x64 496ms (cache miss)
156 http fetch GET 200 https://registry.npmjs.org/@esbuild%2fopenbsd-x64 501ms (cache miss)
157 http fetch GET 200 https://registry.npmjs.org/@esbuild%2fnetbsd-x64 507ms (cache miss)
158 http fetch GET 200 https://registry.npmjs.org/@esbuild%2fwin32-ia32 543ms (cache miss)
159 http fetch GET 200 https://registry.npmjs.org/@esbuild%2fwin32-arm64 555ms (cache miss)
160 http fetch GET 200 https://registry.npmjs.org/nanoid 661ms (cache miss)
161 http fetch GET 200 https://registry.npmjs.org/@esbuild%2ffreebsd-x64 717ms (cache miss)
162 http fetch GET 200 https://registry.npmjs.org/@esbuild%2ffreebsd-arm64 721ms (cache miss)
163 http fetch GET 200 https://registry.npmjs.org/@esbuild%2flinux-s390x 694ms (cache miss)
164 http fetch GET 200 https://registry.npmjs.org/@esbuild%2fdarwin-x64 730ms (cache miss)
165 http fetch GET 200 https://registry.npmjs.org/@esbuild%2fdarwin-arm64 732ms (cache miss)
166 http fetch GET 200 https://registry.npmjs.org/@esbuild%2flinux-ppc64 704ms (cache miss)
167 http fetch GET 200 https://registry.npmjs.org/@esbuild%2flinux-ia32 709ms (cache miss)
168 http fetch GET 200 https://registry.npmjs.org/@esbuild%2flinux-riscv64 705ms (cache miss)
169 http fetch GET 200 https://registry.npmjs.org/@esbuild%2flinux-arm64 713ms (cache miss)
170 http fetch GET 200 https://registry.npmjs.org/@esbuild%2flinux-mips64el 712ms (cache miss)
171 http fetch GET 200 https://registry.npmjs.org/@esbuild%2flinux-loong64 727ms (cache miss)
172 timing idealTree:node_modules/vite Completed in 765ms
173 silly placeDep ROOT @esbuild/android-arm@0.18.20 OK for: esbuild@0.18.20 want: 0.18.20
174 silly placeDep ROOT @esbuild/android-arm64@0.18.20 OK for: esbuild@0.18.20 want: 0.18.20
175 silly placeDep ROOT @esbuild/android-x64@0.18.20 OK for: esbuild@0.18.20 want: 0.18.20
176 silly placeDep ROOT @esbuild/darwin-arm64@0.18.20 OK for: esbuild@0.18.20 want: 0.18.20
177 silly placeDep ROOT @esbuild/darwin-x64@0.18.20 OK for: esbuild@0.18.20 want: 0.18.20
178 silly placeDep ROOT @esbuild/freebsd-arm64@0.18.20 OK for: esbuild@0.18.20 want: 0.18.20
179 silly placeDep ROOT @esbuild/freebsd-x64@0.18.20 OK for: esbuild@0.18.20 want: 0.18.20
180 silly placeDep ROOT @esbuild/linux-arm@0.18.20 OK for: esbuild@0.18.20 want: 0.18.20
181 silly placeDep ROOT @esbuild/linux-arm64@0.18.20 OK for: esbuild@0.18.20 want: 0.18.20
182 silly placeDep ROOT @esbuild/linux-ia32@0.18.20 OK for: esbuild@0.18.20 want: 0.18.20
183 silly placeDep ROOT @esbuild/linux-loong64@0.18.20 OK for: esbuild@0.18.20 want: 0.18.20
184 silly placeDep ROOT @esbuild/linux-mips64el@0.18.20 OK for: esbuild@0.18.20 want: 0.18.20
185 silly placeDep ROOT @esbuild/linux-ppc64@0.18.20 OK for: esbuild@0.18.20 want: 0.18.20
186 silly placeDep ROOT @esbuild/linux-riscv64@0.18.20 OK for: esbuild@0.18.20 want: 0.18.20
187 silly placeDep ROOT @esbuild/linux-s390x@0.18.20 OK for: esbuild@0.18.20 want: 0.18.20
188 silly placeDep ROOT @esbuild/linux-x64@0.18.20 OK for: esbuild@0.18.20 want: 0.18.20
189 silly placeDep ROOT @esbuild/netbsd-x64@0.18.20 OK for: esbuild@0.18.20 want: 0.18.20
190 silly placeDep ROOT @esbuild/openbsd-x64@0.18.20 OK for: esbuild@0.18.20 want: 0.18.20
191 silly placeDep ROOT @esbuild/sunos-x64@0.18.20 OK for: esbuild@0.18.20 want: 0.18.20
192 silly placeDep ROOT @esbuild/win32-arm64@0.18.20 OK for: esbuild@0.18.20 want: 0.18.20
193 silly placeDep ROOT @esbuild/win32-ia32@0.18.20 OK for: esbuild@0.18.20 want: 0.18.20
194 silly placeDep ROOT @esbuild/win32-x64@0.18.20 OK for: esbuild@0.18.20 want: 0.18.20
195 timing idealTree:node_modules/esbuild Completed in 55ms
196 timing idealTree:node_modules/@esbuild/android-arm Completed in 0ms
197 timing idealTree:node_modules/@esbuild/android-arm64 Completed in 0ms
198 timing idealTree:node_modules/@esbuild/android-x64 Completed in 0ms
199 timing idealTree:node_modules/@esbuild/darwin-arm64 Completed in 0ms
200 timing idealTree:node_modules/@esbuild/darwin-x64 Completed in 0ms
201 timing idealTree:node_modules/@esbuild/freebsd-arm64 Completed in 0ms
202 timing idealTree:node_modules/@esbuild/freebsd-x64 Completed in 0ms
203 timing idealTree:node_modules/@esbuild/linux-arm Completed in 0ms
204 timing idealTree:node_modules/@esbuild/linux-arm64 Completed in 0ms
205 timing idealTree:node_modules/@esbuild/linux-ia32 Completed in 0ms
206 timing idealTree:node_modules/@esbuild/linux-loong64 Completed in 0ms
207 timing idealTree:node_modules/@esbuild/linux-mips64el Completed in 0ms
208 timing idealTree:node_modules/@esbuild/linux-ppc64 Completed in 0ms
209 timing idealTree:node_modules/@esbuild/linux-riscv64 Completed in 0ms
210 timing idealTree:node_modules/@esbuild/linux-s390x Completed in 0ms
211 timing idealTree:node_modules/@esbuild/linux-x64 Completed in 0ms
212 timing idealTree:node_modules/@esbuild/netbsd-x64 Completed in 0ms
213 timing idealTree:node_modules/@esbuild/openbsd-x64 Completed in 0ms
214 timing idealTree:node_modules/@esbuild/sunos-x64 Completed in 0ms
215 timing idealTree:node_modules/@esbuild/win32-arm64 Completed in 0ms
216 timing idealTree:node_modules/@esbuild/win32-ia32 Completed in 0ms
217 timing idealTree:node_modules/@esbuild/win32-x64 Completed in 0ms
218 timing idealTree:node_modules/fsevents Completed in 0ms
219 silly placeDep ROOT nanoid@3.3.7 OK for: postcss@8.4.35 want: ^3.3.7
220 silly placeDep ROOT source-map-js@1.0.2 OK for: postcss@8.4.35 want: ^1.0.2
221 timing idealTree:node_modules/postcss Completed in 3ms
222 timing idealTree:node_modules/nanoid Completed in 0ms
223 timing idealTree:node_modules/rollup Completed in 0ms
224 timing idealTree:node_modules/source-map-js Completed in 0ms
225 silly placeDep ROOT picomatch@2.3.1 OK for: vite-plugin-full-reload@1.1.0 want: ^2.3.1
226 timing idealTree:node_modules/vite-plugin-full-reload Completed in 2ms
227 timing idealTree:node_modules/picomatch Completed in 0ms
228 timing idealTree:buildDeps Completed in 3174ms
229 timing idealTree:fixDepFlags Completed in 1ms
230 timing idealTree Completed in 3206ms
231 timing reify:loadTrees Completed in 3208ms
232 timing reify:diffTrees Completed in 2ms
233 silly reify moves {}
234 timing reify:retireShallow Completed in 2ms
235 timing reify:createSparse Completed in 95ms
236 timing reify:loadBundles Completed in 0ms
237 silly audit bulk request {
237 silly audit   axios: [ '1.6.7' ],
237 silly audit   bootstrap: [ '5.3.3' ],
237 silly audit   '@popperjs/core': [ '2.11.8' ],
237 silly audit   'laravel-vite-plugin': [ '0.8.1' ],
237 silly audit   vite: [ '4.5.2' ],
237 silly audit   'follow-redirects': [ '1.15.5' ],
237 silly audit   'form-data': [ '4.0.0' ],
237 silly audit   'proxy-from-env': [ '1.1.0' ],
237 silly audit   asynckit: [ '0.4.0' ],
237 silly audit   'combined-stream': [ '1.0.8' ],
237 silly audit   'mime-types': [ '2.1.35' ],
237 silly audit   'delayed-stream': [ '1.0.0' ],
237 silly audit   picocolors: [ '1.0.0' ],
237 silly audit   'vite-plugin-full-reload': [ '1.1.0' ],
237 silly audit   'mime-db': [ '1.52.0' ],
237 silly audit   esbuild: [ '0.18.20' ],
237 silly audit   fsevents: [ '2.3.3' ],
237 silly audit   postcss: [ '8.4.35' ],
237 silly audit   rollup: [ '3.29.4' ],
237 silly audit   '@esbuild/android-arm': [ '0.18.20' ],
237 silly audit   '@esbuild/android-arm64': [ '0.18.20' ],
237 silly audit   '@esbuild/android-x64': [ '0.18.20' ],
237 silly audit   '@esbuild/darwin-arm64': [ '0.18.20' ],
237 silly audit   '@esbuild/darwin-x64': [ '0.18.20' ],
237 silly audit   '@esbuild/freebsd-arm64': [ '0.18.20' ],
237 silly audit   '@esbuild/freebsd-x64': [ '0.18.20' ],
237 silly audit   '@esbuild/linux-arm': [ '0.18.20' ],
237 silly audit   '@esbuild/linux-arm64': [ '0.18.20' ],
237 silly audit   '@esbuild/linux-ia32': [ '0.18.20' ],
237 silly audit   '@esbuild/linux-loong64': [ '0.18.20' ],
237 silly audit   '@esbuild/linux-mips64el': [ '0.18.20' ],
237 silly audit   '@esbuild/linux-ppc64': [ '0.18.20' ],
237 silly audit   '@esbuild/linux-riscv64': [ '0.18.20' ],
237 silly audit   '@esbuild/linux-s390x': [ '0.18.20' ],
237 silly audit   '@esbuild/linux-x64': [ '0.18.20' ],
237 silly audit   '@esbuild/netbsd-x64': [ '0.18.20' ],
237 silly audit   '@esbuild/openbsd-x64': [ '0.18.20' ],
237 silly audit   '@esbuild/sunos-x64': [ '0.18.20' ],
237 silly audit   '@esbuild/win32-arm64': [ '0.18.20' ],
237 silly audit   '@esbuild/win32-ia32': [ '0.18.20' ],
237 silly audit   '@esbuild/win32-x64': [ '0.18.20' ],
237 silly audit   nanoid: [ '3.3.7' ],
237 silly audit   'source-map-js': [ '1.0.2' ],
237 silly audit   picomatch: [ '2.3.1' ]
237 silly audit }
238 verbose reify failed optional dependency /var/www/html/node_modules/@esbuild/win32-x64
239 silly reify mark deleted [ '/var/www/html/node_modules/@esbuild/win32-x64' ]
240 verbose reify failed optional dependency /var/www/html/node_modules/@esbuild/win32-ia32
241 silly reify mark deleted [ '/var/www/html/node_modules/@esbuild/win32-ia32' ]
242 verbose reify failed optional dependency /var/www/html/node_modules/@esbuild/win32-arm64
243 silly reify mark deleted [ '/var/www/html/node_modules/@esbuild/win32-arm64' ]
244 verbose reify failed optional dependency /var/www/html/node_modules/@esbuild/sunos-x64
245 silly reify mark deleted [ '/var/www/html/node_modules/@esbuild/sunos-x64' ]
246 verbose reify failed optional dependency /var/www/html/node_modules/@esbuild/openbsd-x64
247 silly reify mark deleted [ '/var/www/html/node_modules/@esbuild/openbsd-x64' ]
248 verbose reify failed optional dependency /var/www/html/node_modules/@esbuild/netbsd-x64
249 silly reify mark deleted [ '/var/www/html/node_modules/@esbuild/netbsd-x64' ]
250 verbose reify failed optional dependency /var/www/html/node_modules/@esbuild/linux-s390x
251 silly reify mark deleted [ '/var/www/html/node_modules/@esbuild/linux-s390x' ]
252 verbose reify failed optional dependency /var/www/html/node_modules/@esbuild/linux-riscv64
253 silly reify mark deleted [ '/var/www/html/node_modules/@esbuild/linux-riscv64' ]
254 verbose reify failed optional dependency /var/www/html/node_modules/@esbuild/linux-ppc64
255 silly reify mark deleted [ '/var/www/html/node_modules/@esbuild/linux-ppc64' ]
256 verbose reify failed optional dependency /var/www/html/node_modules/@esbuild/linux-mips64el
257 silly reify mark deleted [ '/var/www/html/node_modules/@esbuild/linux-mips64el' ]
258 verbose reify failed optional dependency /var/www/html/node_modules/@esbuild/linux-loong64
259 silly reify mark deleted [ '/var/www/html/node_modules/@esbuild/linux-loong64' ]
260 verbose reify failed optional dependency /var/www/html/node_modules/@esbuild/linux-ia32
261 silly reify mark deleted [ '/var/www/html/node_modules/@esbuild/linux-ia32' ]
262 verbose reify failed optional dependency /var/www/html/node_modules/@esbuild/linux-arm64
263 silly reify mark deleted [ '/var/www/html/node_modules/@esbuild/linux-arm64' ]
264 verbose reify failed optional dependency /var/www/html/node_modules/@esbuild/linux-arm
265 silly reify mark deleted [ '/var/www/html/node_modules/@esbuild/linux-arm' ]
266 verbose reify failed optional dependency /var/www/html/node_modules/@esbuild/freebsd-x64
267 silly reify mark deleted [ '/var/www/html/node_modules/@esbuild/freebsd-x64' ]
268 verbose reify failed optional dependency /var/www/html/node_modules/@esbuild/freebsd-arm64
269 silly reify mark deleted [ '/var/www/html/node_modules/@esbuild/freebsd-arm64' ]
270 verbose reify failed optional dependency /var/www/html/node_modules/@esbuild/darwin-x64
271 silly reify mark deleted [ '/var/www/html/node_modules/@esbuild/darwin-x64' ]
272 verbose reify failed optional dependency /var/www/html/node_modules/@esbuild/darwin-arm64
273 silly reify mark deleted [ '/var/www/html/node_modules/@esbuild/darwin-arm64' ]
274 verbose reify failed optional dependency /var/www/html/node_modules/@esbuild/android-x64
275 silly reify mark deleted [ '/var/www/html/node_modules/@esbuild/android-x64' ]
276 verbose reify failed optional dependency /var/www/html/node_modules/@esbuild/android-arm64
277 silly reify mark deleted [ '/var/www/html/node_modules/@esbuild/android-arm64' ]
278 verbose reify failed optional dependency /var/www/html/node_modules/@esbuild/android-arm
279 silly reify mark deleted [ '/var/www/html/node_modules/@esbuild/android-arm' ]
280 verbose reify failed optional dependency /var/www/html/node_modules/fsevents
281 silly reify mark deleted [ '/var/www/html/node_modules/fsevents' ]
282 timing reifyNode:node_modules/@esbuild/win32-x64 Completed in 31ms
283 timing reifyNode:node_modules/@esbuild/win32-ia32 Completed in 32ms
284 timing reifyNode:node_modules/@esbuild/win32-arm64 Completed in 32ms
285 timing reifyNode:node_modules/@esbuild/sunos-x64 Completed in 32ms
286 timing reifyNode:node_modules/@esbuild/openbsd-x64 Completed in 32ms
287 timing reifyNode:node_modules/@esbuild/netbsd-x64 Completed in 31ms
288 timing reifyNode:node_modules/@esbuild/linux-s390x Completed in 31ms
289 timing reifyNode:node_modules/@esbuild/linux-riscv64 Completed in 31ms
290 timing reifyNode:node_modules/@esbuild/linux-ppc64 Completed in 31ms
291 timing reifyNode:node_modules/@esbuild/linux-mips64el Completed in 32ms
292 timing reifyNode:node_modules/@esbuild/linux-loong64 Completed in 31ms
293 timing reifyNode:node_modules/@esbuild/linux-ia32 Completed in 31ms
294 timing reifyNode:node_modules/@esbuild/linux-arm64 Completed in 31ms
295 timing reifyNode:node_modules/@esbuild/linux-arm Completed in 31ms
296 timing reifyNode:node_modules/@esbuild/freebsd-x64 Completed in 31ms
297 timing reifyNode:node_modules/@esbuild/freebsd-arm64 Completed in 31ms
298 timing reifyNode:node_modules/@esbuild/darwin-x64 Completed in 31ms
299 timing reifyNode:node_modules/@esbuild/darwin-arm64 Completed in 31ms
300 timing reifyNode:node_modules/@esbuild/android-x64 Completed in 31ms
301 timing reifyNode:node_modules/@esbuild/android-arm64 Completed in 32ms
302 timing reifyNode:node_modules/@esbuild/android-arm Completed in 32ms
303 timing reifyNode:node_modules/fsevents Completed in 31ms
304 silly tarball no local data for picomatch@https://registry.npmjs.org/picomatch/-/picomatch-2.3.1.tgz. Extracting by manifest.
305 silly tarball no local data for nanoid@https://registry.npmjs.org/nanoid/-/nanoid-3.3.7.tgz. Extracting by manifest.
306 silly tarball no local data for @esbuild/linux-x64@https://registry.npmjs.org/@esbuild/linux-x64/-/linux-x64-0.18.20.tgz. Extracting by manifest.
307 silly tarball no local data for source-map-js@https://registry.npmjs.org/source-map-js/-/source-map-js-1.0.2.tgz. Extracting by manifest.
308 silly tarball no local data for rollup@https://registry.npmjs.org/rollup/-/rollup-3.29.4.tgz. Extracting by manifest.
309 silly tarball no local data for postcss@https://registry.npmjs.org/postcss/-/postcss-8.4.35.tgz. Extracting by manifest.
310 silly tarball no local data for esbuild@https://registry.npmjs.org/esbuild/-/esbuild-0.18.20.tgz. Extracting by manifest.
311 silly tarball no local data for mime-db@https://registry.npmjs.org/mime-db/-/mime-db-1.52.0.tgz. Extracting by manifest.
312 silly tarball no local data for vite-plugin-full-reload@https://registry.npmjs.org/vite-plugin-full-reload/-/vite-plugin-full-reload-1.1.0.tgz. Extracting by manifest.
313 silly tarball no local data for combined-stream@https://registry.npmjs.org/combined-stream/-/combined-stream-1.0.8.tgz. Extracting by manifest.
314 silly tarball no local data for asynckit@https://registry.npmjs.org/asynckit/-/asynckit-0.4.0.tgz. Extracting by manifest.
315 silly tarball no local data for proxy-from-env@https://registry.npmjs.org/proxy-from-env/-/proxy-from-env-1.1.0.tgz. Extracting by manifest.
316 silly tarball no local data for form-data@https://registry.npmjs.org/form-data/-/form-data-4.0.0.tgz. Extracting by manifest.
317 silly tarball no local data for follow-redirects@https://registry.npmjs.org/follow-redirects/-/follow-redirects-1.15.5.tgz. Extracting by manifest.
318 silly tarball no local data for vite@https://registry.npmjs.org/vite/-/vite-4.5.2.tgz. Extracting by manifest.
319 silly tarball no local data for laravel-vite-plugin@https://registry.npmjs.org/laravel-vite-plugin/-/laravel-vite-plugin-0.8.1.tgz. Extracting by manifest.
320 silly tarball no local data for picocolors@https://registry.npmjs.org/picocolors/-/picocolors-1.0.0.tgz. Extracting by manifest.
321 silly tarball no local data for @popperjs/core@https://registry.npmjs.org/@popperjs/core/-/core-2.11.8.tgz. Extracting by manifest.
322 silly tarball no local data for bootstrap@https://registry.npmjs.org/bootstrap/-/bootstrap-5.3.3.tgz. Extracting by manifest.
323 silly tarball no local data for mime-types@https://registry.npmjs.org/mime-types/-/mime-types-2.1.35.tgz. Extracting by manifest.
324 silly tarball no local data for delayed-stream@https://registry.npmjs.org/delayed-stream/-/delayed-stream-1.0.0.tgz. Extracting by manifest.
325 silly tarball no local data for axios@https://registry.npmjs.org/axios/-/axios-1.6.7.tgz. Extracting by manifest.
326 http fetch POST 200 https://registry.npmjs.org/-/npm/v1/security/advisories/bulk 232ms
327 timing auditReport:getReport Completed in 237ms
328 silly audit report {}
329 timing auditReport:init Completed in 0ms
330 timing reify:audit Completed in 240ms
331 http fetch GET 200 https://registry.npmjs.org/picocolors/-/picocolors-1.0.0.tgz 843ms (cache miss)
332 timing reifyNode:node_modules/picocolors Completed in 927ms
333 http fetch GET 200 https://registry.npmjs.org/asynckit/-/asynckit-0.4.0.tgz 861ms (cache miss)
334 http fetch GET 200 https://registry.npmjs.org/delayed-stream/-/delayed-stream-1.0.0.tgz 831ms (cache miss)
335 timing reifyNode:node_modules/delayed-stream Completed in 949ms
336 http fetch GET 200 https://registry.npmjs.org/picomatch/-/picomatch-2.3.1.tgz 899ms (cache miss)
337 http fetch GET 200 https://registry.npmjs.org/laravel-vite-plugin/-/laravel-vite-plugin-0.8.1.tgz 906ms (cache miss)
338 http fetch GET 200 https://registry.npmjs.org/vite-plugin-full-reload/-/vite-plugin-full-reload-1.1.0.tgz 941ms (cache miss)
339 timing reifyNode:node_modules/vite-plugin-full-reload Completed in 1011ms
340 http fetch GET 200 https://registry.npmjs.org/mime-db/-/mime-db-1.52.0.tgz 942ms (cache miss)
341 timing reifyNode:node_modules/picomatch Completed in 1016ms
342 timing reifyNode:node_modules/laravel-vite-plugin Completed in 1018ms
343 http fetch GET 200 https://registry.npmjs.org/mime-types/-/mime-types-2.1.35.tgz 905ms (cache miss)
344 timing reifyNode:node_modules/mime-types Completed in 1021ms
345 http fetch GET 200 https://registry.npmjs.org/combined-stream/-/combined-stream-1.0.8.tgz 959ms (cache miss)
346 timing reifyNode:node_modules/combined-stream Completed in 1032ms
347 timing reifyNode:node_modules/mime-db Completed in 1038ms
348 timing reifyNode:node_modules/asynckit Completed in 1071ms
349 http fetch GET 200 https://registry.npmjs.org/proxy-from-env/-/proxy-from-env-1.1.0.tgz 1005ms (cache miss)
350 timing reifyNode:node_modules/proxy-from-env Completed in 1079ms
351 http fetch GET 200 https://registry.npmjs.org/nanoid/-/nanoid-3.3.7.tgz 1029ms (cache miss)
352 http fetch GET 200 https://registry.npmjs.org/follow-redirects/-/follow-redirects-1.15.5.tgz 1024ms (cache miss)
353 timing reifyNode:node_modules/follow-redirects Completed in 1101ms
354 http fetch GET 200 https://registry.npmjs.org/form-data/-/form-data-4.0.0.tgz 1039ms (cache miss)
355 timing reifyNode:node_modules/form-data Completed in 1115ms
356 timing reifyNode:node_modules/nanoid Completed in 1120ms
357 http fetch GET 200 https://registry.npmjs.org/esbuild/-/esbuild-0.18.20.tgz 1061ms (cache miss)
358 timing reifyNode:node_modules/esbuild Completed in 1128ms
359 http fetch GET 200 https://registry.npmjs.org/source-map-js/-/source-map-js-1.0.2.tgz 1199ms (cache miss)
360 timing reifyNode:node_modules/source-map-js Completed in 1269ms
361 http fetch GET 200 https://registry.npmjs.org/postcss/-/postcss-8.4.35.tgz 1468ms (cache miss)
362 timing reifyNode:node_modules/postcss Completed in 1535ms
363 http fetch GET 200 https://registry.npmjs.org/rollup/-/rollup-3.29.4.tgz 1802ms (cache miss)
364 timing reifyNode:node_modules/rollup Completed in 1876ms
365 http fetch GET 200 https://registry.npmjs.org/axios/-/axios-1.6.7.tgz 2103ms (cache miss)
366 timing reifyNode:node_modules/axios Completed in 2221ms
367 http fetch GET 200 https://registry.npmjs.org/vite/-/vite-4.5.2.tgz 2174ms (cache miss)
368 timing reifyNode:node_modules/vite Completed in 2252ms
369 http fetch GET 200 https://registry.npmjs.org/@esbuild/linux-x64/-/linux-x64-0.18.20.tgz 2843ms (cache miss)
370 timing reifyNode:node_modules/@esbuild/linux-x64 Completed in 2907ms
371 http fetch GET 200 https://registry.npmjs.org/@popperjs/core/-/core-2.11.8.tgz 3128ms (cache miss)
372 timing reifyNode:node_modules/@popperjs/core Completed in 3229ms
373 http fetch GET 200 https://registry.npmjs.org/bootstrap/-/bootstrap-5.3.3.tgz 3322ms (cache miss)
374 timing reifyNode:node_modules/bootstrap Completed in 3428ms
375 timing reify:unpack Completed in 3434ms
376 timing reify:unretire Completed in 0ms
377 timing build:queue Completed in 14ms
378 timing build:link:node_modules/esbuild Completed in 13ms
379 timing build:link:node_modules/rollup Completed in 13ms
380 timing build:link:node_modules/nanoid Completed in 14ms
381 timing build:link:node_modules/vite Completed in 13ms
382 timing build:link Completed in 15ms
383 info run esbuild@0.18.20 postinstall node_modules/esbuild node install.js
384 info run esbuild@0.18.20 postinstall { code: 0, signal: null }
385 timing build:run:postinstall:node_modules/esbuild Completed in 253ms
386 timing build:run:postinstall Completed in 253ms
387 timing build:deps Completed in 282ms
388 timing build Completed in 282ms
389 timing reify:build Completed in 282ms
390 timing reify:trash Completed in 80ms
391 timing reify:save Completed in 38ms
392 timing reify Completed in 7221ms
393 silly ADD node_modules/picomatch
394 silly ADD node_modules/source-map-js
395 silly ADD node_modules/nanoid
396 silly ADD
397 silly ADD
398 silly ADD
399 silly ADD
400 silly ADD
401 silly ADD
402 silly ADD node_modules/@esbuild/linux-x64
403 silly ADD
404 silly ADD
405 silly ADD
406 silly ADD
407 silly ADD
408 silly ADD
409 silly ADD
410 silly ADD
411 silly ADD
412 silly ADD
413 silly ADD
414 silly ADD
415 silly ADD
416 silly ADD
417 silly ADD
418 silly ADD node_modules/rollup
419 silly ADD node_modules/postcss
420 silly ADD
421 silly ADD node_modules/esbuild
422 silly ADD node_modules/mime-db
423 silly ADD node_modules/vite-plugin-full-reload
424 silly ADD node_modules/picocolors
425 silly ADD node_modules/delayed-stream
426 silly ADD node_modules/mime-types
427 silly ADD node_modules/combined-stream
428 silly ADD node_modules/asynckit
429 silly ADD node_modules/proxy-from-env
430 silly ADD node_modules/form-data
431 silly ADD node_modules/follow-redirects
432 silly ADD node_modules/vite
433 silly ADD node_modules/laravel-vite-plugin
434 silly ADD node_modules/@popperjs/core
435 silly ADD node_modules/bootstrap
436 silly ADD node_modules/axios
437 timing command:i Completed in 7235ms
438 verbose exit 0
439 timing npm Completed in 8063ms
440 info ok
