0 verbose cli /usr/bin/node /usr/bin/npm
1 info using npm@9.6.6
2 info using node@v18.18.2
3 timing npm:load:whichnode Completed in 2ms
4 timing config:load:defaults Completed in 3ms
5 timing config:load:file:/usr/lib/node_modules/npm/npmrc Completed in 3ms
6 timing config:load:builtin Completed in 3ms
7 timing config:load:cli Completed in 3ms
8 timing config:load:env Completed in 0ms
9 timing config:load:project Completed in 1ms
10 timing config:load:file:/var/www/html/.npmrc Completed in 1ms
11 timing config:load:user Completed in 1ms
12 timing config:load:file:/etc/npmrc Completed in 0ms
13 timing config:load:global Completed in 0ms
14 timing config:load:setEnvs Completed in 2ms
15 timing config:load Completed in 15ms
16 timing npm:load:configload Completed in 15ms
17 timing npm:load:mkdirpcache Completed in 1ms
18 timing npm:load:mkdirplogs Completed in 1ms
19 verbose title npm un boostrap
20 verbose argv "un" "boostrap"
21 timing npm:load:setTitle Completed in 2ms
22 timing config:load:flatten Completed in 6ms
23 timing npm:load:display Completed in 7ms
24 verbose logfile logs-max:10 dir:/var/www/html/.npm/_logs/2024-03-03T12_38_30_585Z-
25 verbose logfile /var/www/html/.npm/_logs/2024-03-03T12_38_30_585Z-debug-0.log
26 timing npm:load:logFile Completed in 19ms
27 timing npm:load:timers Completed in 1ms
28 timing npm:load:configScope Completed in 0ms
29 timing npm:load Completed in 49ms
30 timing arborist:ctor Completed in 1ms
31 silly logfile done cleaning log files
32 timing idealTree:init Completed in 94ms
33 timing idealTree:userRequests Completed in 1ms
34 silly idealTree buildDeps
35 timing idealTree:#root Completed in 2ms
36 timing idealTree:buildDeps Completed in 3ms
37 timing idealTree:fixDepFlags Completed in 4ms
38 timing idealTree Completed in 107ms
39 timing arborist:ctor Completed in 1ms
40 timing reify:loadTrees Completed in 138ms
41 timing reify:diffTrees Completed in 11ms
42 silly reify moves {}
43 timing reify:retireShallow Completed in 2ms
44 timing reify:createSparse Completed in 617ms
45 timing reify:loadBundles Completed in 0ms
46 silly audit bulk request {
46 silly audit   '@esbuild/android-arm': [ '0.18.20' ],
46 silly audit   '@esbuild/android-arm64': [ '0.18.20' ],
46 silly audit   '@esbuild/android-x64': [ '0.18.20' ],
46 silly audit   '@esbuild/darwin-arm64': [ '0.18.20' ],
46 silly audit   '@esbuild/darwin-x64': [ '0.18.20' ],
46 silly audit   '@esbuild/freebsd-arm64': [ '0.18.20' ],
46 silly audit   '@esbuild/freebsd-x64': [ '0.18.20' ],
46 silly audit   '@esbuild/linux-arm': [ '0.18.20' ],
46 silly audit   '@esbuild/linux-arm64': [ '0.18.20' ],
46 silly audit   '@esbuild/linux-ia32': [ '0.18.20' ],
46 silly audit   '@esbuild/linux-loong64': [ '0.18.20' ],
46 silly audit   '@esbuild/linux-mips64el': [ '0.18.20' ],
46 silly audit   '@esbuild/linux-ppc64': [ '0.18.20' ],
46 silly audit   '@esbuild/linux-riscv64': [ '0.18.20' ],
46 silly audit   '@esbuild/linux-s390x': [ '0.18.20' ],
46 silly audit   '@esbuild/linux-x64': [ '0.18.20' ],
46 silly audit   '@esbuild/netbsd-x64': [ '0.18.20' ],
46 silly audit   '@esbuild/openbsd-x64': [ '0.18.20' ],
46 silly audit   '@esbuild/sunos-x64': [ '0.18.20' ],
46 silly audit   '@esbuild/win32-arm64': [ '0.18.20' ],
46 silly audit   '@esbuild/win32-ia32': [ '0.18.20' ],
46 silly audit   '@esbuild/win32-x64': [ '0.18.20' ],
46 silly audit   '@popperjs/core': [ '2.11.8' ],
46 silly audit   asynckit: [ '0.4.0' ],
46 silly audit   axios: [ '1.6.7' ],
46 silly audit   bootstrap: [ '5.3.3' ],
46 silly audit   'combined-stream': [ '1.0.8' ],
46 silly audit   'delayed-stream': [ '1.0.0' ],
46 silly audit   esbuild: [ '0.18.20' ],
46 silly audit   'follow-redirects': [ '1.15.5' ],
46 silly audit   'form-data': [ '4.0.0' ],
46 silly audit   fsevents: [ '2.3.3' ],
46 silly audit   'laravel-vite-plugin': [ '0.8.1' ],
46 silly audit   'mime-db': [ '1.52.0' ],
46 silly audit   'mime-types': [ '2.1.35' ],
46 silly audit   nanoid: [ '3.3.7' ],
46 silly audit   picocolors: [ '1.0.0' ],
46 silly audit   picomatch: [ '2.3.1' ],
46 silly audit   postcss: [ '8.4.35' ],
46 silly audit   'proxy-from-env': [ '1.1.0' ],
46 silly audit   rollup: [ '3.29.4' ],
46 silly audit   'source-map-js': [ '1.0.2' ],
46 silly audit   vite: [ '4.5.2' ],
46 silly audit   'vite-plugin-full-reload': [ '1.1.0' ]
46 silly audit }
47 verbose reify failed optional dependency /var/www/html/node_modules/fsevents
48 silly reify mark deleted [ '/var/www/html/node_modules/fsevents' ]
49 verbose reify failed optional dependency /var/www/html/node_modules/@esbuild/win32-x64
50 silly reify mark deleted [ '/var/www/html/node_modules/@esbuild/win32-x64' ]
51 verbose reify failed optional dependency /var/www/html/node_modules/@esbuild/win32-ia32
52 silly reify mark deleted [ '/var/www/html/node_modules/@esbuild/win32-ia32' ]
53 verbose reify failed optional dependency /var/www/html/node_modules/@esbuild/win32-arm64
54 silly reify mark deleted [ '/var/www/html/node_modules/@esbuild/win32-arm64' ]
55 verbose reify failed optional dependency /var/www/html/node_modules/@esbuild/sunos-x64
56 silly reify mark deleted [ '/var/www/html/node_modules/@esbuild/sunos-x64' ]
57 verbose reify failed optional dependency /var/www/html/node_modules/@esbuild/openbsd-x64
58 silly reify mark deleted [ '/var/www/html/node_modules/@esbuild/openbsd-x64' ]
59 verbose reify failed optional dependency /var/www/html/node_modules/@esbuild/netbsd-x64
60 silly reify mark deleted [ '/var/www/html/node_modules/@esbuild/netbsd-x64' ]
61 verbose reify failed optional dependency /var/www/html/node_modules/@esbuild/linux-s390x
62 silly reify mark deleted [ '/var/www/html/node_modules/@esbuild/linux-s390x' ]
63 verbose reify failed optional dependency /var/www/html/node_modules/@esbuild/linux-riscv64
64 silly reify mark deleted [ '/var/www/html/node_modules/@esbuild/linux-riscv64' ]
65 verbose reify failed optional dependency /var/www/html/node_modules/@esbuild/linux-ppc64
66 silly reify mark deleted [ '/var/www/html/node_modules/@esbuild/linux-ppc64' ]
67 verbose reify failed optional dependency /var/www/html/node_modules/@esbuild/linux-mips64el
68 silly reify mark deleted [ '/var/www/html/node_modules/@esbuild/linux-mips64el' ]
69 verbose reify failed optional dependency /var/www/html/node_modules/@esbuild/linux-loong64
70 silly reify mark deleted [ '/var/www/html/node_modules/@esbuild/linux-loong64' ]
71 verbose reify failed optional dependency /var/www/html/node_modules/@esbuild/linux-ia32
72 silly reify mark deleted [ '/var/www/html/node_modules/@esbuild/linux-ia32' ]
73 verbose reify failed optional dependency /var/www/html/node_modules/@esbuild/linux-arm64
74 silly reify mark deleted [ '/var/www/html/node_modules/@esbuild/linux-arm64' ]
75 verbose reify failed optional dependency /var/www/html/node_modules/@esbuild/linux-arm
76 silly reify mark deleted [ '/var/www/html/node_modules/@esbuild/linux-arm' ]
77 verbose reify failed optional dependency /var/www/html/node_modules/@esbuild/freebsd-x64
78 silly reify mark deleted [ '/var/www/html/node_modules/@esbuild/freebsd-x64' ]
79 verbose reify failed optional dependency /var/www/html/node_modules/@esbuild/freebsd-arm64
80 silly reify mark deleted [ '/var/www/html/node_modules/@esbuild/freebsd-arm64' ]
81 verbose reify failed optional dependency /var/www/html/node_modules/@esbuild/darwin-x64
82 silly reify mark deleted [ '/var/www/html/node_modules/@esbuild/darwin-x64' ]
83 verbose reify failed optional dependency /var/www/html/node_modules/@esbuild/darwin-arm64
84 silly reify mark deleted [ '/var/www/html/node_modules/@esbuild/darwin-arm64' ]
85 verbose reify failed optional dependency /var/www/html/node_modules/@esbuild/android-x64
86 silly reify mark deleted [ '/var/www/html/node_modules/@esbuild/android-x64' ]
87 verbose reify failed optional dependency /var/www/html/node_modules/@esbuild/android-arm64
88 silly reify mark deleted [ '/var/www/html/node_modules/@esbuild/android-arm64' ]
89 verbose reify failed optional dependency /var/www/html/node_modules/@esbuild/android-arm
90 silly reify mark deleted [ '/var/www/html/node_modules/@esbuild/android-arm' ]
91 timing reifyNode:node_modules/fsevents Completed in 60ms
92 timing reifyNode:node_modules/@esbuild/win32-x64 Completed in 60ms
93 timing reifyNode:node_modules/@esbuild/win32-ia32 Completed in 60ms
94 timing reifyNode:node_modules/@esbuild/win32-arm64 Completed in 60ms
95 timing reifyNode:node_modules/@esbuild/sunos-x64 Completed in 60ms
96 timing reifyNode:node_modules/@esbuild/openbsd-x64 Completed in 60ms
97 timing reifyNode:node_modules/@esbuild/netbsd-x64 Completed in 60ms
98 timing reifyNode:node_modules/@esbuild/linux-s390x Completed in 60ms
99 timing reifyNode:node_modules/@esbuild/linux-riscv64 Completed in 60ms
100 timing reifyNode:node_modules/@esbuild/linux-ppc64 Completed in 60ms
101 timing reifyNode:node_modules/@esbuild/linux-mips64el Completed in 60ms
102 timing reifyNode:node_modules/@esbuild/linux-loong64 Completed in 60ms
103 timing reifyNode:node_modules/@esbuild/linux-ia32 Completed in 59ms
104 timing reifyNode:node_modules/@esbuild/linux-arm64 Completed in 60ms
105 timing reifyNode:node_modules/@esbuild/linux-arm Completed in 60ms
106 timing reifyNode:node_modules/@esbuild/freebsd-x64 Completed in 60ms
107 timing reifyNode:node_modules/@esbuild/freebsd-arm64 Completed in 60ms
108 timing reifyNode:node_modules/@esbuild/darwin-x64 Completed in 60ms
109 timing reifyNode:node_modules/@esbuild/darwin-arm64 Completed in 60ms
110 timing reifyNode:node_modules/@esbuild/android-x64 Completed in 61ms
111 timing reifyNode:node_modules/@esbuild/android-arm64 Completed in 61ms
112 timing reifyNode:node_modules/@esbuild/android-arm Completed in 61ms
113 timing reify:unpack Completed in 64ms
114 timing reify:unretire Completed in 0ms
115 timing build:queue Completed in 12ms
116 timing build:deps Completed in 12ms
117 timing build Completed in 13ms
118 timing reify:build Completed in 13ms
119 http fetch POST 200 https://registry.npmjs.org/-/npm/v1/security/advisories/bulk 522ms
120 timing auditReport:getReport Completed in 527ms
121 silly audit report {}
122 timing auditReport:init Completed in 0ms
123 timing reify:audit Completed in 529ms
124 timing reify:trash Completed in 541ms
125 timing reify:save Completed in 80ms
126 timing reify Completed in 1579ms
127 silly ADD
128 silly ADD
129 silly ADD
130 silly ADD
131 silly ADD
132 silly ADD
133 silly ADD
134 silly ADD
135 silly ADD
136 silly ADD
137 silly ADD
138 silly ADD
139 silly ADD
140 silly ADD
141 silly ADD
142 silly ADD
143 silly ADD
144 silly ADD
145 silly ADD
146 silly ADD
147 silly ADD
148 silly ADD
149 timing command:un Completed in 1592ms
150 verbose exit 0
151 timing npm Completed in 2033ms
152 info ok
