0 verbose cli /usr/bin/node /usr/bin/npm
1 info using npm@9.6.6
2 info using node@v18.18.2
3 timing npm:load:whichnode Completed in 2ms
4 timing config:load:defaults Completed in 2ms
5 timing config:load:file:/usr/lib/node_modules/npm/npmrc Completed in 4ms
6 timing config:load:builtin Completed in 4ms
7 timing config:load:cli Completed in 3ms
8 timing config:load:env Completed in 1ms
9 timing config:load:project Completed in 2ms
10 timing config:load:file:/var/www/html/.npmrc Completed in 0ms
11 timing config:load:user Completed in 0ms
12 timing config:load:file:/etc/npmrc Completed in 0ms
13 timing config:load:global Completed in 0ms
14 timing config:load:setEnvs Completed in 1ms
15 timing config:load Completed in 15ms
16 timing npm:load:configload Completed in 16ms
17 timing npm:load:mkdirpcache Completed in 1ms
18 timing npm:load:mkdirplogs Completed in 1ms
19 verbose title npm run dev
20 verbose argv "run" "dev"
21 timing npm:load:setTitle Completed in 2ms
22 timing config:load:flatten Completed in 6ms
23 timing npm:load:display Completed in 7ms
24 verbose logfile logs-max:10 dir:/var/www/html/.npm/_logs/2024-03-03T18_46_23_906Z-
25 verbose logfile /var/www/html/.npm/_logs/2024-03-03T18_46_23_906Z-debug-0.log
26 timing npm:load:logFile Completed in 18ms
27 timing npm:load:timers Completed in 0ms
28 timing npm:load:configScope Completed in 0ms
29 timing npm:load Completed in 49ms
30 silly logfile done cleaning log files
31 timing command:run Completed in 16322ms
32 verbose exit 1
33 timing npm Completed in 16404ms
34 verbose code 1
